<?xml version="1.0" encoding="UTF-8"?>
<!-- Generated by org.testng.reporters.JUnitReportReporter -->
<testsuite hostname="QSP" failures="0" tests="3" name="Basic.Login" time="10.144" errors="0" timestamp="2023-11-30T17:39:58 IST" skipped="0">
  <testcase classname="Basic.Login" name="login" time="4.222"/>
  <system-out/>
  <testcase classname="Basic.Login" name="login" time="2.890"/>
  <system-out/>
  <testcase classname="Basic.Login" name="login" time="3.032"/>
  <system-out/>
</testsuite> <!-- Basic.Login -->
